<?xml version="1.0" encoding="UTF-8"?>
<testng-results ignored="0" total="3" passed="3" failed="0" skipped="0">
  <reporter-output>
  </reporter-output>
  <suite started-at="2023-07-19T13:13:39 IST" name="Suite" finished-at="2023-07-19T13:15:33 IST" duration-ms="114405">
    <groups>
    </groups>
    <test started-at="2023-07-19T13:13:39 IST" name="Test" finished-at="2023-07-19T13:15:33 IST" duration-ms="114405">
      <class name="Demo.Ajio">
        <test-method signature="ajiotest()[pri:0, instance:Demo.Ajio@29215f06]" started-at="2023-07-19T13:14:06 IST" name="ajiotest" finished-at="2023-07-19T13:14:48 IST" duration-ms="41373" status="PASS">
          <reporter-output>
          </reporter-output>
        </test-method> <!-- ajiotest -->
      </class> <!-- Demo.Ajio -->
      <class name="Demo.Flipcart">
        <test-method signature="flipcarttest()[pri:0, instance:Demo.Flipcart@3cebbb30]" started-at="2023-07-19T13:13:39 IST" name="flipcarttest" finished-at="2023-07-19T13:14:06 IST" duration-ms="27386" status="PASS">
          <reporter-output>
          </reporter-output>
        </test-method> <!-- flipcarttest -->
      </class> <!-- Demo.Flipcart -->
      <class name="Demo.Amzon">
        <test-method signature="amzontet()[pri:0, instance:Demo.Amzon@59505b48]" started-at="2023-07-19T13:14:48 IST" name="amzontet" finished-at="2023-07-19T13:15:33 IST" duration-ms="44937" status="PASS">
          <reporter-output>
          </reporter-output>
        </test-method> <!-- amzontet -->
      </class> <!-- Demo.Amzon -->
    </test> <!-- Test -->
  </suite> <!-- Suite -->
</testng-results>
